2020-10-30 19:36:32,242 [ 1] INFO  Unity: LoadingManager start
2020-10-30 19:36:44,767 [ 1] INFO  Unity: UserLoginRequest::user :123 psw:123
2020-10-30 19:36:44,769 [ 1] INFO  Unity: ConnectToServer() Start 
2020-10-30 19:36:44,770 [ 1] INFO  Unity: DoConnect
2020-10-30 19:36:44,772 [ 1] INFO  Unity: NetClient.DoConnect on 127.0.0.1:8000
2020-10-30 19:36:44,774 [ 1] INFO  Unity: Connect[0] to server 127.0.0.1:8000

2020-10-30 19:36:44,777 [ 1] INFO  Unity: LoadingMesager::OnGameServerConnect :0 reason:Success
2020-10-30 19:36:44,944 [ 1] INFO  Unity: OnLogin:Success [None]
2020-10-30 19:36:44,946 [ 1] INFO  Unity: LoadLevel: CharSelect
2020-10-30 19:36:45,995 [ 1] INFO  Unity: LevelLoadCompleted:1
2020-10-30 19:36:46,007 [ 1] WARN  Unity: Failed to create agent because there is no valid NavMesh
UnityEngine.GameObject:AddComponent()
PlayerInputController:Start() (at Assets/Scripts/GameObject/PlayerInputController.cs:53)

2020-10-30 19:36:46,011 [ 1] INFO  Unity: Select Char:[1]123[Archer]
2020-10-30 19:36:47,487 [ 1] INFO  Unity: UserGameEnterRequest::characterId :0
2020-10-30 19:36:47,527 [ 1] INFO  Unity: OnGameEnter:Success [None]
2020-10-30 19:36:47,530 [ 1] INFO  Unity: ItemManager:Init(Id1,Count20)
2020-10-30 19:36:47,531 [ 1] INFO  Unity: ItemManager:Init(Id2,Count20)
2020-10-30 19:36:47,540 [ 1] INFO  Unity: OnMapCharacterEnter:Map:1 Count:1
2020-10-30 19:36:47,544 [ 1] INFO  Unity: AddCharacter:1:123 Map:1 Entity:(13:pos:(5000,4500,820),dir:(100,0,0),spd:0
2020-10-30 19:36:47,547 [ 1] INFO  Unity: LoadLevel: MainCity
2020-10-30 19:36:48,679 [ 1] WARN  Unity: MainPlayerCamera[-357380] Awake
UnityEngine.Debug:LogWarningFormat(String, Object[])
MonoSingleton`1:Awake() (at Assets/Scripts/Utilities/MonoSingleton.cs:23)

2020-10-30 19:36:48,680 [ 1] WARN  Unity: GameObjectManager[-357340] Awake
UnityEngine.Debug:LogWarningFormat(String, Object[])
MonoSingleton`1:Awake() (at Assets/Scripts/Utilities/MonoSingleton.cs:23)

2020-10-30 19:36:48,695 [ 1] WARN  Unity: UIMain[85546] Awake
UnityEngine.Debug:LogWarningFormat(String, Object[])
MonoSingleton`1:Awake() (at Assets/Scripts/Utilities/MonoSingleton.cs:23)

2020-10-30 19:36:48,696 [ 1] WARN  Unity: UIWorldElementManager[86388] Awake
UnityEngine.Debug:LogWarningFormat(String, Object[])
MonoSingleton`1:Awake() (at Assets/Scripts/Utilities/MonoSingleton.cs:23)

2020-10-30 19:36:48,736 [ 1] INFO  Unity: LevelLoadCompleted:1
2020-10-30 19:36:48,742 [ 1] WARN  Unity: UIMinimap Start 85816
UnityEngine.Debug:LogWarning(Object)
UIMinimap:Start() (at Assets/Scripts/UI/Minimap/UIMinimap.cs:18)

2020-10-30 19:36:48,743 [ 1] WARN  Unity: MinimapManager.Instance.Minimap[85816] Set
UnityEngine.Debug:LogWarningFormat(String, Object[])
Managers.MinimapManager:set_Minimap(UIMinimap) (at Assets/Scripts/Managers/MinimapManager.cs:16)
UIMinimap:Start() (at Assets/Scripts/UI/Minimap/UIMinimap.cs:19)

2020-10-30 19:36:52,211 [ 1] INFO  Unity: MoveForward
2020-10-30 19:36:52,212 [ 1] INFO  Unity: MapEntityUpdateRequest :ID:13 POS:(5000,4500,820) DIR:(100,0,0) SPD:450 
2020-10-30 19:36:52,790 [ 1] INFO  Unity: Stop
2020-10-30 19:36:52,791 [ 1] INFO  Unity: MapEntityUpdateRequest :ID:13 POS:(5280,4500,820) DIR:(100,0,0) SPD:0 
2020-10-30 19:36:52,973 [ 1] INFO  Unity: MoveBack
2020-10-30 19:36:52,974 [ 1] INFO  Unity: MapEntityUpdateRequest :ID:13 POS:(5280,4500,820) DIR:(100,0,0) SPD:-450 
2020-10-30 19:36:53,470 [ 1] INFO  Unity: SetDirection:(98, -18, 0)
2020-10-30 19:36:53,471 [ 1] INFO  Unity: MapEntityUpdateRequest :ID:13 POS:(5040,4500,820) DIR:(98,-18,0) SPD:-450 
2020-10-30 19:36:53,569 [ 1] INFO  Unity: SetDirection:(94, -35, 0)
2020-10-30 19:36:53,570 [ 1] INFO  Unity: MapEntityUpdateRequest :ID:13 POS:(4998,4506,820) DIR:(94,-35,0) SPD:-450 
2020-10-30 19:36:53,635 [ 1] INFO  Unity: Stop
2020-10-30 19:36:53,636 [ 1] INFO  Unity: MapEntityUpdateRequest :ID:13 POS:(4977,4515,820) DIR:(94,-35,0) SPD:0 
2020-10-30 19:36:53,668 [ 1] INFO  Unity: SetDirection:(86, -51, 0)
2020-10-30 19:36:53,669 [ 1] INFO  Unity: MapEntityUpdateRequest :ID:13 POS:(4977,4515,820) DIR:(86,-51,0) SPD:0 
2020-10-30 19:36:53,768 [ 1] INFO  Unity: SetDirection:(74, -68, 0)
2020-10-30 19:36:53,769 [ 1] INFO  Unity: MapEntityUpdateRequest :ID:13 POS:(4977,4515,820) DIR:(74,-68,0) SPD:0 
2020-10-30 19:36:53,784 [ 1] INFO  Unity: MoveForward
2020-10-30 19:36:53,785 [ 1] INFO  Unity: MapEntityUpdateRequest :ID:13 POS:(4977,4515,820) DIR:(74,-68,0) SPD:450 
2020-10-30 19:36:53,867 [ 1] INFO  Unity: SetDirection:(58, -81, 0)
2020-10-30 19:36:53,868 [ 1] INFO  Unity: MapEntityUpdateRequest :ID:13 POS:(5007,4490,820) DIR:(58,-81,0) SPD:450 
2020-10-30 19:36:53,950 [ 1] INFO  Unity: SetDirection:(43, -90, 0)
2020-10-30 19:36:53,951 [ 1] INFO  Unity: MapEntityUpdateRequest :ID:13 POS:(5027,4460,820) DIR:(43,-90,0) SPD:450 
2020-10-30 19:36:54,033 [ 1] INFO  Unity: SetDirection:(27, -96, 0)
2020-10-30 19:36:54,034 [ 1] INFO  Unity: MapEntityUpdateRequest :ID:13 POS:(5042,4425,820) DIR:(27,-96,0) SPD:450 
2020-10-30 19:36:54,116 [ 1] INFO  Unity: SetDirection:(9, -100, 0)
2020-10-30 19:36:54,117 [ 1] INFO  Unity: MapEntityUpdateRequest :ID:13 POS:(5052,4390,820) DIR:(9,-100,0) SPD:450 
2020-10-30 19:36:54,216 [ 1] INFO  Unity: SetDirection:(-11, -99, 0)
2020-10-30 19:36:54,217 [ 1] INFO  Unity: MapEntityUpdateRequest :ID:13 POS:(5058,4342,820) DIR:(-11,-99,0) SPD:450 
2020-10-30 19:36:54,298 [ 1] INFO  Unity: SetDirection:(-29, -96, 0)
2020-10-30 19:36:54,299 [ 1] INFO  Unity: MapEntityUpdateRequest :ID:13 POS:(5053,4307,820) DIR:(-29,-96,0) SPD:450 
2020-10-30 19:36:54,397 [ 1] INFO  Unity: SetDirection:(-48, -88, 0)
2020-10-30 19:36:54,398 [ 1] INFO  Unity: MapEntityUpdateRequest :ID:13 POS:(5041,4265,820) DIR:(-48,-88,0) SPD:450 
2020-10-30 19:36:54,497 [ 1] INFO  Unity: SetDirection:(-65, -76, 0)
2020-10-30 19:36:54,497 [ 1] INFO  Unity: MapEntityUpdateRequest :ID:13 POS:(5017,4223,820) DIR:(-65,-76,0) SPD:450 
2020-10-30 19:36:54,596 [ 1] INFO  Unity: SetDirection:(-78, -62, 0)
2020-10-30 19:36:54,597 [ 1] INFO  Unity: MapEntityUpdateRequest :ID:13 POS:(4987,4187,820) DIR:(-78,-62,0) SPD:450 
2020-10-30 19:36:54,679 [ 1] INFO  Unity: Stop
2020-10-30 19:36:54,680 [ 1] INFO  Unity: MapEntityUpdateRequest :ID:13 POS:(4957,4162,820) DIR:(-78,-62,0) SPD:0 
2020-10-30 19:36:54,745 [ 1] INFO  Unity: SetDirection:(-88, -48, 0)
2020-10-30 19:36:54,746 [ 1] INFO  Unity: MapEntityUpdateRequest :ID:13 POS:(4957,4162,820) DIR:(-88,-48,0) SPD:0 
2020-10-30 19:36:55,669 [ 1] INFO  Unity: SendSkillCast: skill:301 caster:13 post:0
2020-10-30 19:36:55,748 [ 1] INFO  Unity: OnSkillCast: skill:301 caster:13 post:0
2020-10-30 19:36:56,544 [ 1] INFO  Unity: Skill普通攻击.CastBullet[EFX_Archer_AtkA_B_dandao_prefab] Target:
2020-10-30 19:36:56,545 [ 1] INFO  Unity: PlayEffec:Character_1_123:EFX_Archer_AtkA_B_dandao_prefab
2020-10-30 19:36:56,546 [ 1] INFO  Unity: Skill普通攻击UpdateSkill Finsh
2020-10-30 19:36:56,825 [ 1] INFO  Unity:  AnimationEventController:PlayEffect:Archer:EFX_Archer_AtkA_B
2020-10-30 19:36:56,826 [ 1] INFO  Unity: PlayEffec:Character_1_123:EFX_Archer_AtkA_B
2020-10-30 19:36:59,027 [ 1] INFO  Unity: MoveForward
2020-10-30 19:36:59,028 [ 1] INFO  Unity: MapEntityUpdateRequest :ID:13 POS:(4957,4162,820) DIR:(-88,-48,0) SPD:450 
2020-10-30 19:36:59,905 [ 1] INFO  Unity: SetDirection:(-77, -64, 0)
2020-10-30 19:36:59,906 [ 1] INFO  Unity: MapEntityUpdateRequest :ID:13 POS:(4586,3950,820) DIR:(-77,-64,0) SPD:450 
2020-10-30 19:37:00,022 [ 1] INFO  Unity: SetDirection:(-63, -77, 0)
2020-10-30 19:37:00,022 [ 1] INFO  Unity: MapEntityUpdateRequest :ID:13 POS:(4544,3915,820) DIR:(-63,-77,0) SPD:450 
2020-10-30 19:37:00,104 [ 1] INFO  Unity: SetDirection:(-49, -87, 0)
2020-10-30 19:37:00,105 [ 1] INFO  Unity: MapEntityUpdateRequest :ID:13 POS:(4519,3885,820) DIR:(-49,-87,0) SPD:450 
2020-10-30 19:37:00,187 [ 1] INFO  Unity: SetDirection:(-33, -94, 0)
2020-10-30 19:37:00,188 [ 1] INFO  Unity: MapEntityUpdateRequest :ID:13 POS:(4499,3850,820) DIR:(-33,-94,0) SPD:450 
2020-10-30 19:37:00,270 [ 1] INFO  Unity: SetDirection:(-16, -99, 0)
2020-10-30 19:37:00,271 [ 1] INFO  Unity: MapEntityUpdateRequest :ID:13 POS:(4489,3815,820) DIR:(-16,-99,0) SPD:450 
2020-10-30 19:37:00,369 [ 1] INFO  Unity: SetDirection:(5, -100, 0)
2020-10-30 19:37:00,370 [ 1] INFO  Unity: MapEntityUpdateRequest :ID:13 POS:(4483,3773,820) DIR:(5,-100,0) SPD:450 
2020-10-30 19:37:00,469 [ 1] INFO  Unity: SetDirection:(25, -97, 0)
2020-10-30 19:37:00,470 [ 1] INFO  Unity: MapEntityUpdateRequest :ID:13 POS:(4483,3725,820) DIR:(25,-97,0) SPD:450 
2020-10-30 19:37:00,568 [ 1] INFO  Unity: SetDirection:(43, -90, 0)
2020-10-30 19:37:00,569 [ 1] INFO  Unity: MapEntityUpdateRequest :ID:13 POS:(4495,3683,820) DIR:(43,-90,0) SPD:450 
2020-10-30 19:37:00,767 [ 1] INFO  Unity: SetDirection:(58, -81, 0)
2020-10-30 19:37:00,768 [ 1] INFO  Unity: MapEntityUpdateRequest :ID:13 POS:(4531,3599,820) DIR:(58,-81,0) SPD:450 
2020-10-30 19:37:01,214 [ 1] INFO  Unity: SetDirection:(41, -91, 0)
2020-10-30 19:37:01,215 [ 1] INFO  Unity: MapEntityUpdateRequest :ID:13 POS:(4635,3443,820) DIR:(41,-91,0) SPD:450 
2020-10-30 19:37:01,314 [ 1] INFO  Unity: SetDirection:(24, -97, 0)
2020-10-30 19:37:01,314 [ 1] INFO  Unity: MapEntityUpdateRequest :ID:13 POS:(4653,3401,820) DIR:(24,-97,0) SPD:450 
2020-10-30 19:37:01,446 [ 1] INFO  Unity: SetDirection:(7, -100, 0)
2020-10-30 19:37:01,447 [ 1] INFO  Unity: MapEntityUpdateRequest :ID:13 POS:(4669,3345,820) DIR:(7,-100,0) SPD:450 
2020-10-30 19:37:01,628 [ 1] INFO  Unity: SetDirection:(-12, -99, 0)
2020-10-30 19:37:01,629 [ 1] INFO  Unity: MapEntityUpdateRequest :ID:13 POS:(4680,3257,820) DIR:(-12,-99,0) SPD:450 
2020-10-30 19:37:01,729 [ 1] INFO  Unity: SetDirection:(-29, -96, 0)
2020-10-30 19:37:01,730 [ 1] INFO  Unity: MapEntityUpdateRequest :ID:13 POS:(4674,3215,820) DIR:(-29,-96,0) SPD:450 
2020-10-30 19:37:01,812 [ 1] INFO  Unity: SetDirection:(-46, -89, 0)
2020-10-30 19:37:01,813 [ 1] INFO  Unity: MapEntityUpdateRequest :ID:13 POS:(4664,3180,820) DIR:(-46,-89,0) SPD:450 
2020-10-30 19:37:01,911 [ 1] INFO  Unity: SetDirection:(-63, -78, 0)
2020-10-30 19:37:01,912 [ 1] INFO  Unity: MapEntityUpdateRequest :ID:13 POS:(4646,3138,820) DIR:(-63,-78,0) SPD:450 
2020-10-30 19:37:01,994 [ 1] INFO  Unity: SetDirection:(-76, -65, 0)
2020-10-30 19:37:01,995 [ 1] INFO  Unity: MapEntityUpdateRequest :ID:13 POS:(4621,3108,820) DIR:(-76,-65,0) SPD:450 
2020-10-30 19:37:02,093 [ 1] INFO  Unity: SetDirection:(-88, -48, 0)
2020-10-30 19:37:02,094 [ 1] INFO  Unity: MapEntityUpdateRequest :ID:13 POS:(4585,3078,820) DIR:(-88,-48,0) SPD:450 
2020-10-30 19:37:02,143 [ 1] INFO  Unity: Stop
2020-10-30 19:37:02,144 [ 1] INFO  Unity: MapEntityUpdateRequest :ID:13 POS:(4564,3066,820) DIR:(-88,-48,0) SPD:0 
2020-10-30 19:37:02,193 [ 1] INFO  Unity: MoveForward
2020-10-30 19:37:02,193 [ 1] INFO  Unity: MapEntityUpdateRequest :ID:13 POS:(4564,3066,820) DIR:(-88,-48,0) SPD:450 
2020-10-30 19:37:02,194 [ 1] INFO  Unity: SetDirection:(-96, -29, 0)
2020-10-30 19:37:02,195 [ 1] INFO  Unity: MapEntityUpdateRequest :ID:13 POS:(4564,3066,820) DIR:(-96,-29,0) SPD:450 
2020-10-30 19:37:02,309 [ 1] INFO  Unity: SetDirection:(-99, -11, 0)
2020-10-30 19:37:02,309 [ 1] INFO  Unity: MapEntityUpdateRequest :ID:13 POS:(4515,3052,820) DIR:(-99,-11,0) SPD:450 
2020-10-30 19:37:04,313 [ 1] INFO  Unity: Stop
2020-10-30 19:37:04,314 [ 1] INFO  Unity: MapEntityUpdateRequest :ID:13 POS:(3675,2932,820) DIR:(-99,-11,0) SPD:0 
2020-10-30 19:37:04,497 [ 1] INFO  Unity: SendSkillCast: skill:301 caster:13 post:0
2020-10-30 19:37:04,546 [ 1] INFO  Unity: OnSkillCast: skill:301 caster:13 post:0
2020-10-30 19:37:04,711 [ 1] INFO  Unity:  AnimationEventController:PlayEffect:Archer:EFX_Archer_AtkA_B
2020-10-30 19:37:04,712 [ 1] INFO  Unity: PlayEffec:Character_1_123:EFX_Archer_AtkA_B
2020-10-30 19:37:05,357 [ 1] INFO  Unity: Skill普通攻击.CastBullet[EFX_Archer_AtkA_B_dandao_prefab] Target:
2020-10-30 19:37:05,358 [ 1] INFO  Unity: PlayEffec:Character_1_123:EFX_Archer_AtkA_B_dandao_prefab
2020-10-30 19:37:05,359 [ 1] INFO  Unity: Skill普通攻击UpdateSkill Finsh
2020-10-30 19:37:11,577 [ 1] INFO  Unity: SendSkillCast: skill:301 caster:13 post:0
2020-10-30 19:37:11,659 [ 1] INFO  Unity: OnSkillCast: skill:301 caster:13 post:0
2020-10-30 19:37:11,774 [ 1] INFO  Unity:  AnimationEventController:PlayEffect:Archer:EFX_Archer_AtkA_B
2020-10-30 19:37:11,775 [ 1] INFO  Unity: PlayEffec:Character_1_123:EFX_Archer_AtkA_B
2020-10-30 19:37:12,470 [ 1] INFO  Unity: Skill普通攻击.CastBullet[EFX_Archer_AtkA_B_dandao_prefab] Target:
2020-10-30 19:37:12,471 [ 1] INFO  Unity: PlayEffec:Character_1_123:EFX_Archer_AtkA_B_dandao_prefab
2020-10-30 19:37:12,472 [ 1] INFO  Unity: Skill普通攻击UpdateSkill Finsh
2020-10-30 19:37:13,762 [ 1] INFO  Unity: MoveForward
2020-10-30 19:37:13,762 [ 1] INFO  Unity: MapEntityUpdateRequest :ID:13 POS:(3675,2932,820) DIR:(-99,-11,0) SPD:450 
2020-10-30 19:37:16,065 [ 1] INFO  Unity: SetPosition:(2639, 2865, 804)
2020-10-30 19:37:16,066 [ 1] INFO  Unity: MapEntityUpdateRequest :ID:13 POS:(2639,2865,804) DIR:(-99,-11,0) SPD:450 
2020-10-30 19:37:17,043 [ 1] INFO  Unity: TeleporterObject: Character[123] Enter TeleporterObject[3:主城传入点1]
2020-10-30 19:37:18,517 [ 1] INFO  Unity: SetPosition:(1712, 2760, 804)
2020-10-30 19:37:18,518 [ 1] INFO  Unity: MapEntityUpdateRequest :ID:13 POS:(1712,2760,804) DIR:(-99,-11,0) SPD:450 
2020-10-30 19:37:18,765 [ 1] INFO  Unity: SetPosition:(1712, 2760, 804)
2020-10-30 19:37:18,766 [ 1] INFO  Unity: MapEntityUpdateRequest :ID:13 POS:(1712,2760,804) DIR:(-99,-11,0) SPD:450 
2020-10-30 19:37:19,014 [ 1] INFO  Unity: SetPosition:(1712, 2760, 804)
2020-10-30 19:37:19,015 [ 1] INFO  Unity: MapEntityUpdateRequest :ID:13 POS:(1712,2760,804) DIR:(-99,-11,0) SPD:450 
2020-10-30 19:37:19,246 [ 1] INFO  Unity: SetDirection:(-95, -30, 0)
2020-10-30 19:37:19,247 [ 1] INFO  Unity: MapEntityUpdateRequest :ID:13 POS:(1614,2746,804) DIR:(-95,-30,0) SPD:450 
2020-10-30 19:37:19,264 [ 1] INFO  Unity: SetPosition:(1712, 2760, 804)
2020-10-30 19:37:19,265 [ 1] INFO  Unity: MapEntityUpdateRequest :ID:13 POS:(1712,2760,804) DIR:(-95,-30,0) SPD:450 
2020-10-30 19:37:19,345 [ 1] INFO  Unity: SetDirection:(-88, -48, 0)
2020-10-30 19:37:19,346 [ 1] INFO  Unity: MapEntityUpdateRequest :ID:13 POS:(1677,2750,804) DIR:(-88,-48,0) SPD:450 
2020-10-30 19:37:19,428 [ 1] INFO  Unity: SetDirection:(-78, -63, 0)
2020-10-30 19:37:19,429 [ 1] INFO  Unity: MapEntityUpdateRequest :ID:13 POS:(1642,2730,804) DIR:(-78,-63,0) SPD:450 
2020-10-30 19:37:19,544 [ 1] INFO  Unity: SetDirection:(-65, -76, 0)
2020-10-30 19:37:19,545 [ 1] INFO  Unity: MapEntityUpdateRequest :ID:13 POS:(1600,2695,804) DIR:(-65,-76,0) SPD:450 
2020-10-30 19:37:20,074 [ 1] INFO  Unity: SetDirection:(-77, -63, 0)
2020-10-30 19:37:20,075 [ 1] INFO  Unity: MapEntityUpdateRequest :ID:13 POS:(1440,2503,804) DIR:(-77,-63,0) SPD:450 
2020-10-30 19:37:20,174 [ 1] INFO  Unity: SetDirection:(-89, -46, 0)
2020-10-30 19:37:20,174 [ 1] INFO  Unity: MapEntityUpdateRequest :ID:13 POS:(1404,2473,804) DIR:(-89,-46,0) SPD:450 
2020-10-30 19:37:20,290 [ 1] INFO  Unity: SetDirection:(-96, -27, 0)
2020-10-30 19:37:20,290 [ 1] INFO  Unity: MapEntityUpdateRequest :ID:13 POS:(1362,2455,804) DIR:(-96,-27,0) SPD:450 
2020-10-30 19:37:20,372 [ 1] INFO  Unity: SetDirection:(-100, -10, 0)
2020-10-30 19:37:20,373 [ 1] INFO  Unity: MapEntityUpdateRequest :ID:13 POS:(1327,2445,804) DIR:(-100,-10,0) SPD:450 
2020-10-30 19:37:20,505 [ 1] INFO  Unity: SetDirection:(-100, 9, 0)
2020-10-30 19:37:20,506 [ 1] INFO  Unity: MapEntityUpdateRequest :ID:13 POS:(1263,2437,804) DIR:(-100,9,0) SPD:450 
2020-10-30 19:37:20,970 [ 1] INFO  Unity: SetPosition:(1135, 2494, 804)
2020-10-30 19:37:20,971 [ 1] INFO  Unity: MapEntityUpdateRequest :ID:13 POS:(1135,2494,804) DIR:(-100,9,0) SPD:450 
2020-10-30 19:37:22,062 [ 1] INFO  Unity: TeleporterObject: Character[123] Enter TeleporterObject[1:主城->野外]
2020-10-30 19:37:22,063 [ 1] INFO  Unity: MapTeleportRequest :teleporterID:1
2020-10-30 19:37:22,097 [ 1] INFO  Unity: OnMapCharacterLeave: CharID:13
2020-10-30 19:37:22,100 [ 1] INFO  Unity: RemoveCharacter:13
2020-10-30 19:37:22,102 [ 1] INFO  Unity: OnMapCharacterEnter:Map:2 Count:5
2020-10-30 19:37:22,104 [ 1] INFO  Unity: AddCharacter:1:123 Map:2 Entity:(13:pos:(2844,4020,17),dir:(0,100,0),spd:450
2020-10-30 19:37:22,405 [ 1] INFO  Unity: LoadLevel: Map01
2020-10-30 19:37:22,691 [ 1] INFO  Unity: AddCharacter:1:恶鬼 Map:2 Entity:(1:pos:(5887,1573,7),dir:(9,100,0),spd:0
2020-10-30 19:37:22,898 [ 1] INFO  Unity: AddCharacter:2:山丘巨人 Map:2 Entity:(2:pos:(5540,1682,4),dir:(20,98,0),spd:0
2020-10-30 19:37:23,315 [ 1] INFO  Unity: AddCharacter:3:小恶魔 Map:2 Entity:(3:pos:(4775,2865,14),dir:(-30,95,0),spd:0
2020-10-30 19:37:23,331 [ 1] INFO  Unity: AddCharacter:4:死神 Map:2 Entity:(4:pos:(5683,4173,0),dir:(28,-96,0),spd:0
2020-10-30 19:37:23,749 [ 1] WARN  Unity: Failed to create agent because it is not close enough to the NavMesh
UnityEngine.GameObject:AddComponent()
PlayerInputController:Start() (at Assets/Scripts/GameObject/PlayerInputController.cs:53)

2020-10-30 19:37:23,751 [ 1] INFO  Unity: Character_1_123 OnDestroy :ID:13 POS:(2844, 4020, 17) DIR:(0, 100, 0) SPD:450 
2020-10-30 19:37:23,931 [ 1] INFO  Unity: LevelLoadCompleted:1
2020-10-30 19:37:23,935 [ 1] INFO  Unity: TeleporterObject: Character[123] Enter TeleporterObject[6:野外传入点]
2020-10-30 19:37:24,191 [ 1] INFO  Unity: SetPosition:(2844, 4068, 4)
2020-10-30 19:37:24,192 [ 1] INFO  Unity: MapEntityUpdateRequest :ID:13 POS:(2844,4068,4) DIR:(0,100,0) SPD:450 
2020-10-30 19:37:24,407 [ 1] INFO  Unity: SetPosition:(2844, 4068, 4)
2020-10-30 19:37:24,408 [ 1] INFO  Unity: MapEntityUpdateRequest :ID:13 POS:(2844,4068,4) DIR:(0,100,0) SPD:450 
2020-10-30 19:37:24,522 [ 1] INFO  Unity: MoveForward
2020-10-30 19:37:24,522 [ 1] INFO  Unity: MapEntityUpdateRequest :ID:13 POS:(2844,4124,4) DIR:(0,100,0) SPD:450 
2020-10-30 19:37:24,903 [ 1] INFO  Unity: SetDirection:(18, 98, 0)
2020-10-30 19:37:24,903 [ 1] INFO  Unity: MapEntityUpdateRequest :ID:13 POS:(2844,4300,4) DIR:(18,98,0) SPD:450 
2020-10-30 19:37:25,002 [ 1] INFO  Unity: SetDirection:(36, 93, 0)
2020-10-30 19:37:25,003 [ 1] INFO  Unity: MapEntityUpdateRequest :ID:13 POS:(2850,4342,4) DIR:(36,93,0) SPD:450 
2020-10-30 19:37:25,085 [ 1] INFO  Unity: SetDirection:(52, 85, 0)
2020-10-30 19:37:25,086 [ 1] INFO  Unity: MapEntityUpdateRequest :ID:13 POS:(2865,4377,4) DIR:(52,85,0) SPD:450 
2020-10-30 19:37:25,186 [ 1] INFO  Unity: SetDirection:(69, 73, 0)
2020-10-30 19:37:25,186 [ 1] INFO  Unity: MapEntityUpdateRequest :ID:13 POS:(2889,4413,4) DIR:(69,73,0) SPD:450 
2020-10-30 19:37:25,284 [ 1] INFO  Unity: SetDirection:(82, 57, 0)
2020-10-30 19:37:25,285 [ 1] INFO  Unity: MapEntityUpdateRequest :ID:13 POS:(2919,4443,4) DIR:(82,57,0) SPD:450 
2020-10-30 19:37:25,383 [ 1] INFO  Unity: SetDirection:(91, 41, 0)
2020-10-30 19:37:25,384 [ 1] INFO  Unity: MapEntityUpdateRequest :ID:13 POS:(2955,4467,4) DIR:(91,41,0) SPD:450 
2020-10-30 19:37:25,565 [ 1] INFO  Unity: SetDirection:(97, 25, 0)
2020-10-30 19:37:25,566 [ 1] INFO  Unity: MapEntityUpdateRequest :ID:13 POS:(3032,4500,4) DIR:(97,25,0) SPD:450 
2020-10-30 19:37:26,377 [ 1] INFO  Unity: SetDirection:(100, 6, 0)
2020-10-30 19:37:26,378 [ 1] INFO  Unity: MapEntityUpdateRequest :ID:13 POS:(3375,4598,4) DIR:(100,6,0) SPD:450 
2020-10-30 19:37:26,476 [ 1] INFO  Unity: SetDirection:(99, -12, 0)
2020-10-30 19:37:26,477 [ 1] INFO  Unity: MapEntityUpdateRequest :ID:13 POS:(3423,4598,4) DIR:(99,-12,0) SPD:450 
2020-10-30 19:37:26,576 [ 1] INFO  Unity: SetDirection:(95, -32, 0)
2020-10-30 19:37:26,577 [ 1] INFO  Unity: MapEntityUpdateRequest :ID:13 POS:(3465,4592,4) DIR:(95,-32,0) SPD:450 
2020-10-30 19:37:26,659 [ 1] INFO  Unity: SetDirection:(88, -48, 0)
2020-10-30 19:37:26,659 [ 1] INFO  Unity: MapEntityUpdateRequest :ID:13 POS:(3500,4582,4) DIR:(88,-48,0) SPD:450 
2020-10-30 19:37:26,758 [ 1] INFO  Unity: SetDirection:(78, -63, 0)
2020-10-30 19:37:26,759 [ 1] INFO  Unity: MapEntityUpdateRequest :ID:13 POS:(3542,4558,4) DIR:(78,-63,0) SPD:450 
2020-10-30 19:37:28,516 [ 1] INFO  Unity: BattleManager.SetTarget:[3:小恶魔]
2020-10-30 19:37:28,929 [ 1] INFO  Unity: SetDirection:(65, -76, 0)
2020-10-30 19:37:28,930 [ 1] INFO  Unity: MapEntityUpdateRequest :ID:13 POS:(4322,3908,4) DIR:(65,-76,0) SPD:450 
2020-10-30 19:37:29,144 [ 1] INFO  Unity: SetDirection:(51, -86, 0)
2020-10-30 19:37:29,144 [ 1] INFO  Unity: MapEntityUpdateRequest :ID:13 POS:(4382,3836,4) DIR:(51,-86,0) SPD:450 
2020-10-30 19:37:29,724 [ 1] INFO  Unity: Stop
2020-10-30 19:37:29,725 [ 1] INFO  Unity: MapEntityUpdateRequest :ID:13 POS:(4522,3626,4) DIR:(51,-86,0) SPD:0 
2020-10-30 19:37:31,315 [ 1] INFO  Unity: SendSkillCast: skill:301 caster:13 post:3
2020-10-30 19:37:31,365 [ 1] INFO  Unity: OnSkillCast: skill:301 caster:13 post:3
2020-10-30 19:37:31,367 [ 1] INFO  Unity: SetDirection:(32, -95, 1)
2020-10-30 19:37:31,862 [ 1] INFO  Unity:  AnimationEventController:PlayEffect:Archer:EFX_Archer_AtkA_B
2020-10-30 19:37:31,863 [ 1] INFO  Unity: PlayEffec:Character_1_123:EFX_Archer_AtkA_B
2020-10-30 19:37:32,159 [ 1] INFO  Unity: Skill普通攻击.CastBullet[EFX_Archer_AtkA_B_dandao_prefab] Target:小恶魔
2020-10-30 19:37:32,161 [ 1] INFO  Unity: PlayEffec:Character_1_123:EFX_Archer_AtkA_B_dandao_prefab
2020-10-30 19:37:32,182 [ 1] INFO  Unity: OnSkillHit: count:1
2020-10-30 19:37:32,184 [ 1] INFO  Unity: DoDamage:1
2020-10-30 19:37:33,157 [ 1] INFO  Unity: Skill普通攻击UpdateSkill Finsh
2020-10-30 19:37:34,682 [ 1] INFO  Unity: SendSkillCast: skill:301 caster:13 post:3
2020-10-30 19:37:34,798 [ 1] INFO  Unity: OnSkillCast: skill:301 caster:13 post:3
2020-10-30 19:37:34,799 [ 1] INFO  Unity: SetDirection:(32, -95, 1)
2020-10-30 19:37:34,914 [ 1] INFO  Unity:  AnimationEventController:PlayEffect:Archer:EFX_Archer_AtkA_B
2020-10-30 19:37:34,914 [ 1] INFO  Unity: PlayEffec:Character_1_123:EFX_Archer_AtkA_B
2020-10-30 19:37:35,592 [ 1] INFO  Unity: Skill普通攻击.CastBullet[EFX_Archer_AtkA_B_dandao_prefab] Target:小恶魔
2020-10-30 19:37:35,593 [ 1] INFO  Unity: PlayEffec:Character_1_123:EFX_Archer_AtkA_B_dandao_prefab
2020-10-30 19:37:35,610 [ 1] INFO  Unity: OnSkillHit: count:1
2020-10-30 19:37:35,611 [ 1] INFO  Unity: DoDamage:1
2020-10-30 19:37:36,603 [ 1] INFO  Unity: Skill普通攻击UpdateSkill Finsh
2020-10-30 19:37:38,294 [ 1] INFO  Unity: SendSkillCast: skill:301 caster:13 post:3
2020-10-30 19:37:38,344 [ 1] INFO  Unity: OnSkillCast: skill:301 caster:13 post:3
2020-10-30 19:37:38,345 [ 1] INFO  Unity: SetDirection:(32, -95, 1)
2020-10-30 19:37:38,460 [ 1] INFO  Unity:  AnimationEventController:PlayEffect:Archer:EFX_Archer_AtkA_B
2020-10-30 19:37:38,460 [ 1] INFO  Unity: PlayEffec:Character_1_123:EFX_Archer_AtkA_B
2020-10-30 19:37:39,138 [ 1] INFO  Unity: Skill普通攻击.CastBullet[EFX_Archer_AtkA_B_dandao_prefab] Target:小恶魔
2020-10-30 19:37:39,140 [ 1] INFO  Unity: PlayEffec:Character_1_123:EFX_Archer_AtkA_B_dandao_prefab
2020-10-30 19:37:39,156 [ 1] INFO  Unity: OnSkillHit: count:1
2020-10-30 19:37:39,157 [ 1] INFO  Unity: DoDamage:1
2020-10-30 19:37:40,149 [ 1] INFO  Unity: Skill普通攻击UpdateSkill Finsh
2020-10-30 19:37:43,618 [ 1] INFO  Unity: SendSkillCast: skill:302 caster:13 post:3
2020-10-30 19:37:43,685 [ 1] INFO  Unity: OnSkillCast: skill:302 caster:13 post:3
2020-10-30 19:37:43,687 [ 1] INFO  Unity: SetDirection:(32, -95, 1)
2020-10-30 19:37:43,784 [ 1] INFO  Unity:  AnimationEventController:PlayEffect:Archer:EFX_Archer_SkillA_prefab
2020-10-30 19:37:43,785 [ 1] INFO  Unity: PlayEffec:Character_1_123:EFX_Archer_SkillA_prefab
2020-10-30 19:37:44,099 [ 1] INFO  Unity: OnSkillHit: count:1
2020-10-30 19:37:44,197 [ 1] INFO  Unity: Skill流血箭.UpdateCasting Finsh
2020-10-30 19:37:44,495 [ 1] INFO  Unity: Skill流血箭.CastBullet[EFX_Archer_AtkA_B_dandao_prefab] Target:小恶魔
2020-10-30 19:37:44,497 [ 1] INFO  Unity: PlayEffec:Character_1_123:EFX_Archer_AtkA_B_dandao_prefab
2020-10-30 19:37:44,616 [ 1] INFO  Unity: OnBuff: count:1
2020-10-30 19:37:44,618 [ 1] INFO  Unity:    Buff:1:5Remove
2020-10-30 19:37:45,506 [ 1] INFO  Unity: Skill流血箭UpdateSkill Finsh
2020-10-30 19:37:46,787 [ 1] INFO  Unity: SendSkillCast: skill:304 caster:13 post:3
2020-10-30 19:37:46,866 [ 1] INFO  Unity: OnSkillCast: skill:304 caster:13 post:3
2020-10-30 19:37:46,867 [ 1] INFO  Unity: SetDirection:(32, -95, 1)
2020-10-30 19:37:47,394 [ 1] INFO  Unity: Skill连射.UpdateCasting Finsh
2020-10-30 19:37:47,744 [ 1] INFO  Unity:  AnimationEventController:PlayEffect:Archer:EFX_Archer_SkillC_prefab
2020-10-30 19:37:47,745 [ 1] INFO  Unity: PlayEffec:Character_1_123:EFX_Archer_SkillC_prefab
2020-10-30 19:37:47,991 [ 1] INFO  Unity: Skill连射.CastBullet[EFX_Archer_AtkA_B_dandao_prefab] Target:小恶魔
2020-10-30 19:37:47,992 [ 1] INFO  Unity: PlayEffec:Character_1_123:EFX_Archer_AtkA_B_dandao_prefab
2020-10-30 19:37:48,637 [ 1] INFO  Unity: Skill连射.CastBullet[EFX_Archer_AtkA_B_dandao_prefab] Target:小恶魔
2020-10-30 19:37:48,638 [ 1] INFO  Unity: PlayEffec:Character_1_123:EFX_Archer_AtkA_B_dandao_prefab
2020-10-30 19:37:49,399 [ 1] INFO  Unity: Skill连射.CastBullet[EFX_Archer_AtkA_B_dandao_prefab] Target:小恶魔
2020-10-30 19:37:49,400 [ 1] INFO  Unity: PlayEffec:Character_1_123:EFX_Archer_AtkA_B_dandao_prefab
2020-10-30 19:37:50,393 [ 1] INFO  Unity: Skill连射UpdateSkill Finsh
2020-10-30 19:37:59,397 [ 1] INFO  Unity: BattleManager.SetPostion:[SkillBridge.Message.NVector3]
2020-10-30 19:37:59,398 [ 1] INFO  Unity: SendSkillCast: skill:303 caster:13 post:3
2020-10-30 19:37:59,487 [ 1] INFO  Unity: OnSkillCast: skill:303 caster:13 post:3
2020-10-30 19:37:59,488 [ 1] INFO  Unity: SetDirection:(37, -93, -1)
2020-10-30 19:37:59,635 [ 1] INFO  Unity:  AnimationEventController:PlayEffect:Archer:EFX_Archer_SkillB_prefab
2020-10-30 19:37:59,636 [ 1] INFO  Unity: PlayEffec:Character_1_123:EFX_Archer_SkillB_prefab
2020-10-30 19:38:00,513 [ 1] INFO  Unity: OnSkillHit: count:1
2020-10-30 19:38:00,515 [ 1] INFO  Unity: DoDamage:4
2020-10-30 19:38:00,518 [ 1] INFO  Unity: OnBuff: count:1
2020-10-30 19:38:00,519 [ 1] INFO  Unity:    Buff:2:6Add
2020-10-30 19:38:00,613 [ 1] INFO  Unity: OnBuff: count:1
2020-10-30 19:38:00,614 [ 1] INFO  Unity:    Buff:2:6Remove
2020-10-30 19:38:00,697 [ 1] INFO  Unity: Skill毒箭雨.UpdateCasting Finsh
2020-10-30 19:38:01,536 [ 1] INFO  Unity: Skill毒箭雨UpdateSkill Finsh
2020-10-30 19:38:02,846 [ 1] INFO  Unity: SendSkillCast: skill:302 caster:13 post:3
2020-10-30 19:38:02,962 [ 1] INFO  Unity: OnSkillCast: skill:302 caster:13 post:3
2020-10-30 19:38:02,963 [ 1] INFO  Unity: SetDirection:(32, -95, 1)
2020-10-30 19:38:03,061 [ 1] INFO  Unity:  AnimationEventController:PlayEffect:Archer:EFX_Archer_SkillA_prefab
2020-10-30 19:38:03,062 [ 1] INFO  Unity: PlayEffec:Character_1_123:EFX_Archer_SkillA_prefab
2020-10-30 19:38:03,376 [ 1] INFO  Unity: OnSkillHit: count:1
2020-10-30 19:38:03,491 [ 1] INFO  Unity: Skill流血箭.UpdateCasting Finsh
2020-10-30 19:38:03,789 [ 1] INFO  Unity: Skill流血箭.CastBullet[EFX_Archer_AtkA_B_dandao_prefab] Target:小恶魔
2020-10-30 19:38:03,790 [ 1] INFO  Unity: PlayEffec:Character_1_123:EFX_Archer_AtkA_B_dandao_prefab
2020-10-30 19:38:03,889 [ 1] INFO  Unity: OnBuff: count:1
2020-10-30 19:38:03,890 [ 1] INFO  Unity:    Buff:3:5Remove
2020-10-30 19:38:04,783 [ 1] INFO  Unity: Skill流血箭UpdateSkill Finsh
2020-10-30 19:38:06,591 [ 1] INFO  Unity: SendSkillCast: skill:304 caster:13 post:3
2020-10-30 19:38:06,640 [ 1] INFO  Unity: OnSkillCast: skill:304 caster:13 post:3
2020-10-30 19:38:06,641 [ 1] INFO  Unity: SetDirection:(32, -95, 1)
2020-10-30 19:38:07,020 [ 1] INFO  Unity:  AnimationEventController:PlayEffect:Archer:EFX_Archer_SkillC_prefab
2020-10-30 19:38:07,021 [ 1] INFO  Unity: PlayEffec:Character_1_123:EFX_Archer_SkillC_prefab
2020-10-30 19:38:07,152 [ 1] INFO  Unity: Skill连射.UpdateCasting Finsh
2020-10-30 19:38:07,765 [ 1] INFO  Unity: Skill连射.CastBullet[EFX_Archer_AtkA_B_dandao_prefab] Target:小恶魔
2020-10-30 19:38:07,766 [ 1] INFO  Unity: PlayEffec:Character_1_123:EFX_Archer_AtkA_B_dandao_prefab
2020-10-30 19:38:08,411 [ 1] INFO  Unity: Skill连射.CastBullet[EFX_Archer_AtkA_B_dandao_prefab] Target:小恶魔
2020-10-30 19:38:08,413 [ 1] INFO  Unity: PlayEffec:Character_1_123:EFX_Archer_AtkA_B_dandao_prefab
2020-10-30 19:38:09,157 [ 1] INFO  Unity: Skill连射.CastBullet[EFX_Archer_AtkA_B_dandao_prefab] Target:小恶魔
2020-10-30 19:38:09,158 [ 1] INFO  Unity: PlayEffec:Character_1_123:EFX_Archer_AtkA_B_dandao_prefab
2020-10-30 19:38:10,167 [ 1] INFO  Unity: Skill连射UpdateSkill Finsh
2020-10-30 19:38:15,768 [ 1] INFO  Unity: SendSkillCast: skill:301 caster:13 post:3
2020-10-30 19:38:15,851 [ 1] INFO  Unity: OnSkillCast: skill:301 caster:13 post:3
2020-10-30 19:38:15,852 [ 1] INFO  Unity: SetDirection:(32, -95, 1)
2020-10-30 19:38:15,967 [ 1] INFO  Unity:  AnimationEventController:PlayEffect:Archer:EFX_Archer_AtkA_B
2020-10-30 19:38:15,967 [ 1] INFO  Unity: PlayEffec:Character_1_123:EFX_Archer_AtkA_B
2020-10-30 19:38:16,646 [ 1] INFO  Unity: Skill普通攻击.CastBullet[EFX_Archer_AtkA_B_dandao_prefab] Target:小恶魔
2020-10-30 19:38:16,647 [ 1] INFO  Unity: PlayEffec:Character_1_123:EFX_Archer_AtkA_B_dandao_prefab
2020-10-30 19:38:16,680 [ 1] INFO  Unity: OnSkillHit: count:1
2020-10-30 19:38:16,682 [ 1] INFO  Unity: DoDamage:1
2020-10-30 19:38:17,640 [ 1] INFO  Unity: Skill普通攻击UpdateSkill Finsh
2020-10-30 19:48:45,204 [ 1] INFO  Unity: ProcessReceive exception:System.Net.Sockets.SocketException: 远程主机强迫关闭了一个现有的连接。

  at System.Net.Sockets.Socket.Receive (System.Byte[] buffer, Int32 offset, Int32 size, SocketFlags flags) [0x00000] in <filename unknown>:0 
  at Network.NetClient.ProcessRecv () [0x00084] in E:\BaiduNetdiskDownload\ExtremeWorld\mmorpg\Src\Client\Assets\Scripts\Network\NetClient.cs:336 

2020-10-30 19:48:45,208 [ 1] WARN  Unity: CloseConnection(), errorCode: 1001
UnityEngine.Debug:LogWarning(Object)
Network.NetClient:CloseConnection(Int32) (at Assets/Scripts/Network/NetClient.cs:176)
Network.NetClient:ProcessRecv() (at Assets/Scripts/Network/NetClient.cs:350)
Network.NetClient:Update() (at Assets/Scripts/Network/NetClient.cs:430)

2020-10-30 19:48:45,379 [ 1] INFO  Unity: DoConnect
2020-10-30 19:48:45,380 [ 1] INFO  Unity: NetClient.DoConnect on 127.0.0.1:8000
2020-10-30 19:48:45,382 [ 1] INFO  Unity: Connect[0] to server 127.0.0.1:8000

2020-10-30 19:48:46,386 [ 1] WARN  Unity: CloseConnection(), errorCode: 1005
UnityEngine.Debug:LogWarning(Object)
Network.NetClient:CloseConnection(Int32) (at Assets/Scripts/Network/NetClient.cs:176)
Network.NetClient:DoConnect() (at Assets/Scripts/Network/NetClient.cs:270)
Network.NetClient:Connect(Int32) (at Assets/Scripts/Network/NetClient.cs:165)
Network.NetClient:KeepConnect() (at Assets/Scripts/Network/NetClient.cs:311)
Network.NetClient:Update() (at Assets/Scripts/Network/NetClient.cs:428)

2020-10-30 19:48:46,458 [ 1] ERROR Unity: DoConnect SocketException:[10061,ConnectionRefused,10061]System.Net.Sockets.SocketException: 由于目标计算机积极拒绝，无法连接。

  at System.Net.Sockets.Socket.Connect (System.Net.EndPoint remoteEP, Boolean requireSocketPolicy) [0x00000] in <filename unknown>:0 
  at System.Net.Sockets.Socket+Worker.Connect () [0x00000] in <filename unknown>:0  
UnityEngine.Debug:LogErrorFormat(String, Object[])
Network.NetClient:DoConnect() (at Assets/Scripts/Network/NetClient.cs:272)
Network.NetClient:Connect(Int32) (at Assets/Scripts/Network/NetClient.cs:165)
Network.NetClient:KeepConnect() (at Assets/Scripts/Network/NetClient.cs:311)
Network.NetClient:Update() (at Assets/Scripts/Network/NetClient.cs:428)

2020-10-30 19:48:46,497 [ 1] INFO  Unity: DoConnect
2020-10-30 19:48:46,498 [ 1] INFO  Unity: NetClient.DoConnect on 127.0.0.1:8000
2020-10-30 19:48:46,499 [ 1] INFO  Unity: Connect[1] to server 127.0.0.1:8000

2020-10-30 19:48:47,512 [ 1] WARN  Unity: CloseConnection(), errorCode: 1005
UnityEngine.Debug:LogWarning(Object)
Network.NetClient:CloseConnection(Int32) (at Assets/Scripts/Network/NetClient.cs:176)
Network.NetClient:DoConnect() (at Assets/Scripts/Network/NetClient.cs:270)
Network.NetClient:Connect(Int32) (at Assets/Scripts/Network/NetClient.cs:165)
Network.NetClient:KeepConnect() (at Assets/Scripts/Network/NetClient.cs:311)
Network.NetClient:Update() (at Assets/Scripts/Network/NetClient.cs:428)

2020-10-30 19:48:47,513 [ 1] ERROR Unity: DoConnect SocketException:[10061,ConnectionRefused,10061]System.Net.Sockets.SocketException: 由于目标计算机积极拒绝，无法连接。

  at System.Net.Sockets.Socket.Connect (System.Net.EndPoint remoteEP, Boolean requireSocketPolicy) [0x00000] in <filename unknown>:0 
  at System.Net.Sockets.Socket+Worker.Connect () [0x00000] in <filename unknown>:0  
UnityEngine.Debug:LogErrorFormat(String, Object[])
Network.NetClient:DoConnect() (at Assets/Scripts/Network/NetClient.cs:272)
Network.NetClient:Connect(Int32) (at Assets/Scripts/Network/NetClient.cs:165)
Network.NetClient:KeepConnect() (at Assets/Scripts/Network/NetClient.cs:311)
Network.NetClient:Update() (at Assets/Scripts/Network/NetClient.cs:428)

2020-10-30 19:48:47,734 [ 1] INFO  Unity: DoConnect
2020-10-30 19:48:47,744 [ 1] INFO  Unity: NetClient.DoConnect on 127.0.0.1:8000
2020-10-30 19:48:47,757 [ 1] INFO  Unity: Connect[2] to server 127.0.0.1:8000

2020-10-30 19:48:48,945 [ 1] WARN  Unity: CloseConnection(), errorCode: 1005
UnityEngine.Debug:LogWarning(Object)
Network.NetClient:CloseConnection(Int32) (at Assets/Scripts/Network/NetClient.cs:176)
Network.NetClient:DoConnect() (at Assets/Scripts/Network/NetClient.cs:270)
Network.NetClient:Connect(Int32) (at Assets/Scripts/Network/NetClient.cs:165)
Network.NetClient:KeepConnect() (at Assets/Scripts/Network/NetClient.cs:311)
Network.NetClient:Update() (at Assets/Scripts/Network/NetClient.cs:428)

2020-10-30 19:48:48,946 [ 1] ERROR Unity: DoConnect SocketException:[10061,ConnectionRefused,10061]System.Net.Sockets.SocketException: 由于目标计算机积极拒绝，无法连接。

  at System.Net.Sockets.Socket.Connect (System.Net.EndPoint remoteEP, Boolean requireSocketPolicy) [0x00000] in <filename unknown>:0 
  at System.Net.Sockets.Socket+Worker.Connect () [0x00000] in <filename unknown>:0  
UnityEngine.Debug:LogErrorFormat(String, Object[])
Network.NetClient:DoConnect() (at Assets/Scripts/Network/NetClient.cs:272)
Network.NetClient:Connect(Int32) (at Assets/Scripts/Network/NetClient.cs:165)
Network.NetClient:KeepConnect() (at Assets/Scripts/Network/NetClient.cs:311)
Network.NetClient:Update() (at Assets/Scripts/Network/NetClient.cs:428)

2020-10-30 19:48:48,946 [ 1] INFO  Unity: LoadingMesager::OnGameServerConnect :1 reason:Cannot connect to server
2020-10-30 19:49:43,985 [ 1] INFO  Unity: Character_1_123 OnDestroy :ID:13 POS:(4522, 3626, 4) DIR:(32, -95, 1) SPD:0 
2020-10-30 19:49:43,986 [ 1] INFO  Unity: Character_1_恶鬼 OnDestroy :ID:1 POS:(5887, 1573, 7) DIR:(9, 100, 0) SPD:0 
2020-10-30 19:49:43,986 [ 1] INFO  Unity: Character_2_山丘巨人 OnDestroy :ID:2 POS:(5540, 1682, 4) DIR:(20, 98, 0) SPD:0 
2020-10-30 19:49:43,987 [ 1] INFO  Unity: Character_3_小恶魔 OnDestroy :ID:3 POS:(4775, 2865, 14) DIR:(-30, 95, 0) SPD:0 
2020-10-30 19:49:43,987 [ 1] INFO  Unity: Character_4_死神 OnDestroy :ID:4 POS:(5683, 4173, 0) DIR:(28, -96, 0) SPD:0 
2020-10-30 19:49:43,990 [ 1] INFO  Unity: OnDestroy NetworkManager.
2020-10-30 19:49:43,991 [ 1] WARN  Unity: CloseConnection(), errorCode: 1007
UnityEngine.Debug:LogWarning(Object)
Network.NetClient:CloseConnection(Int32) (at Assets/Scripts/Network/NetClient.cs:176)
Network.NetClient:OnDestroy() (at Assets/Scripts/Network/NetClient.cs:171)

